Arguments: 
  C:\Program Files\nodejs\node.exe C:\Users\DongwooSeo\AppData\Roaming\npm\node_modules\yarn\bin\yarn.js start

PATH: 
  C:\ProgramData\Oracle\Java\javapath;C:\grails-3.2.9\bin;C:\Program Files (x86)\Intel\iCLS Client\;C:\Program Files\Intel\iCLS Client\;C:\WINDOWS\system32;C:\WINDOWS;C:\WINDOWS\System32\Wbem;C:\WINDOWS\System32\WindowsPowerShell\v1.0\;C:\Program Files\Intel\Intel(R) Management Engine Components\DAL;C:\Program Files (x86)\Intel\Intel(R) Management Engine Components\DAL;C:\Program Files\Intel\Intel(R) Management Engine Components\IPT;C:\Program Files (x86)\Intel\Intel(R) Management Engine Components\IPT;C:\Program Files\Microsoft SQL Server\130\Tools\Binn\;C:\Program Files\dotnet\;C:\Program Files\PuTTY\;C:\APM_Setup\Server\Apache\bin;C:\APM_Setup\Server\MySQL5\bin;C:\Program Files\Java\jdk1.8.0_131\bin;C:\Python27\Scripts;C:\Program Files\Git\cmd;C:\Python27;C:\Program Files\nodejs\;C:\Program Files\Amazon\AWSCLI\;C:\Users\DongwooSeo\AppData\Local\Microsoft\WindowsApps;C:\Program Files\Heroku\bin;C:\Users\DongwooSeo\AppData\Local\Programs\Fiddler;C:\Users\DongwooSeo\AppData\Local\Microsoft\WindowsApps;C:\Users\DongwooSeo\AppData\Roaming\npm

Yarn version: 
  1.5.1

Node version: 
  8.11.1

Platform: 
  win32 x64

npm manifest: 
  No manifest

yarn manifest: 
  No manifest

Lockfile: 
  No lockfile

Trace: 
  Error: Couldn't find a package.json file in "C:\\Users\\DongwooSeo\\eclipse-workspace-ssmm"
      at new MessageError (C:\Users\DongwooSeo\AppData\Roaming\npm\node_modules\yarn\lib\cli.js:186:110)
      at C:\Users\DongwooSeo\AppData\Roaming\npm\node_modules\yarn\lib\cli.js:40048:15
      at Generator.next (<anonymous>)
      at step (C:\Users\DongwooSeo\AppData\Roaming\npm\node_modules\yarn\lib\cli.js:98:30)
      at C:\Users\DongwooSeo\AppData\Roaming\npm\node_modules\yarn\lib\cli.js:109:13
      at <anonymous>
